{"C:\\Users\\ctrev\\Desktop\\Full-Stack1\\backend\\src\\business\\ImageBusiness.ts": {"path":"C:\\Users\\ctrev\\Desktop\\Full-Stack1\\backend\\src\\business\\ImageBusiness.ts","statementMap":{"0":{"start":{"line":1,"column":0},"end":{"line":1,"column":57}},"1":{"start":{"line":2,"column":0},"end":{"line":2,"column":69}},"2":{"start":{"line":4,"column":0},"end":{"line":4,"column":null}},"3":{"start":{"line":8,"column":0},"end":{"line":8,"column":69}},"4":{"start":{"line":9,"column":0},"end":{"line":9,"column":67}},"5":{"start":{"line":13,"column":12},"end":{"line":13,"column":40}},"6":{"start":{"line":14,"column":12},"end":{"line":14,"column":36}},"7":{"start":{"line":15,"column":12},"end":{"line":15,"column":40}},"8":{"start":{"line":18,"column":9},"end":{"line":68,"column":4}},"9":{"start":{"line":22,"column":21},"end":{"line":68,"column":4}},"10":{"start":{"line":23,"column":4},"end":{"line":67,"column":null}},"11":{"start":{"line":24,"column":31},"end":{"line":24,"column":47}},"12":{"start":{"line":26,"column":6},"end":{"line":28,"column":null}},"13":{"start":{"line":27,"column":8},"end":{"line":27,"column":60}},"14":{"start":{"line":30,"column":6},"end":{"line":32,"column":null}},"15":{"start":{"line":31,"column":8},"end":{"line":31,"column":60}},"16":{"start":{"line":34,"column":29},"end":{"line":34,"column":56}},"17":{"start":{"line":36,"column":44},"end":{"line":36,"column":77}},"18":{"start":{"line":38,"column":6},"end":{"line":40,"column":null}},"19":{"start":{"line":39,"column":8},"end":{"line":39,"column":56}},"20":{"start":{"line":42,"column":30},"end":{"line":42,"column":57}},"21":{"start":{"line":44,"column":28},"end":{"line":44,"column":55}},"22":{"start":{"line":46,"column":29},"end":{"line":50,"column":null}},"23":{"start":{"line":52,"column":26},"end":{"line":58,"column":null}},"24":{"start":{"line":61,"column":6},"end":{"line":64,"column":8}},"25":{"start":{"line":66,"column":6},"end":{"line":66,"column":58}},"26":{"start":{"line":70,"column":9},"end":{"line":92,"column":null}},"27":{"start":{"line":73,"column":30},"end":{"line":92,"column":null}},"28":{"start":{"line":74,"column":4},"end":{"line":91,"column":null}},"29":{"start":{"line":75,"column":44},"end":{"line":75,"column":77}},"30":{"start":{"line":77,"column":6},"end":{"line":79,"column":null}},"31":{"start":{"line":78,"column":8},"end":{"line":78,"column":56}},"32":{"start":{"line":81,"column":21},"end":{"line":81,"column":75}},"33":{"start":{"line":83,"column":6},"end":{"line":85,"column":null}},"34":{"start":{"line":84,"column":8},"end":{"line":84,"column":51}},"35":{"start":{"line":87,"column":6},"end":{"line":87,"column":null}},"36":{"start":{"line":90,"column":6},"end":{"line":90,"column":58}},"37":{"start":{"line":11,"column":0},"end":{"line":11,"column":13}},"38":{"start":{"line":94,"column":0},"end":{"line":94,"column":76}}},"fnMap":{"0":{"name":"(anonymous_8)","decl":{"start":{"line":12,"column":2},"end":{"line":12,"column":null}},"loc":{"start":{"line":15,"column":40},"end":{"line":16,"column":6}}},"1":{"name":"(anonymous_9)","decl":{"start":{"line":18,"column":23},"end":{"line":18,"column":null}},"loc":{"start":{"line":22,"column":21},"end":{"line":68,"column":4}}},"2":{"name":"(anonymous_10)","decl":{"start":{"line":22,"column":21},"end":{"line":22,"column":null}},"loc":{"start":{"line":22,"column":21},"end":{"line":68,"column":3}}},"3":{"name":"(anonymous_11)","decl":{"start":{"line":70,"column":21},"end":{"line":70,"column":null}},"loc":{"start":{"line":73,"column":30},"end":{"line":92,"column":null}}},"4":{"name":"(anonymous_12)","decl":{"start":{"line":73,"column":30},"end":{"line":73,"column":null}},"loc":{"start":{"line":73,"column":30},"end":{"line":92,"column":3}}}},"branchMap":{"0":{"loc":{"start":{"line":26,"column":6},"end":{"line":28,"column":null}},"type":"if","locations":[{"start":{"line":26,"column":6},"end":{"line":28,"column":null}},{"start":{"line":26,"column":6},"end":{"line":28,"column":null}}]},"1":{"loc":{"start":{"line":30,"column":6},"end":{"line":32,"column":null}},"type":"if","locations":[{"start":{"line":30,"column":6},"end":{"line":32,"column":null}},{"start":{"line":30,"column":6},"end":{"line":32,"column":null}}]},"2":{"loc":{"start":{"line":34,"column":45},"end":{"line":34,"column":48}},"type":"binary-expr","locations":[{"start":{"line":34,"column":45},"end":{"line":34,"column":48}},{"start":{"line":34,"column":52},"end":{"line":34,"column":55}}]},"3":{"loc":{"start":{"line":38,"column":6},"end":{"line":40,"column":null}},"type":"if","locations":[{"start":{"line":38,"column":6},"end":{"line":40,"column":null}},{"start":{"line":38,"column":6},"end":{"line":40,"column":null}}]},"4":{"loc":{"start":{"line":77,"column":6},"end":{"line":79,"column":null}},"type":"if","locations":[{"start":{"line":77,"column":6},"end":{"line":79,"column":null}},{"start":{"line":77,"column":6},"end":{"line":79,"column":null}}]},"5":{"loc":{"start":{"line":83,"column":6},"end":{"line":85,"column":null}},"type":"if","locations":[{"start":{"line":83,"column":6},"end":{"line":85,"column":null}},{"start":{"line":83,"column":6},"end":{"line":85,"column":null}}]}},"s":{"0":1,"1":1,"2":1,"3":1,"4":1,"5":9,"6":9,"7":9,"8":9,"9":5,"10":5,"11":5,"12":5,"13":4,"14":1,"15":0,"16":1,"17":1,"18":1,"19":0,"20":1,"21":1,"22":1,"23":1,"24":1,"25":4,"26":9,"27":3,"28":3,"29":3,"30":3,"31":1,"32":2,"33":2,"34":1,"35":1,"36":2,"37":1,"38":1},"f":{"0":9,"1":5,"2":5,"3":3,"4":3},"b":{"0":[4,1],"1":[0,1],"2":[1,0],"3":[0,1],"4":[1,2],"5":[1,1]}}
,"C:\\Users\\ctrev\\Desktop\\Full-Stack1\\backend\\src\\business\\UserBusiness.ts": {"path":"C:\\Users\\ctrev\\Desktop\\Full-Stack1\\backend\\src\\business\\UserBusiness.ts","statementMap":{"0":{"start":{"line":2,"column":0},"end":{"line":2,"column":66}},"1":{"start":{"line":3,"column":0},"end":{"line":3,"column":67}},"2":{"start":{"line":4,"column":0},"end":{"line":4,"column":67}},"3":{"start":{"line":5,"column":0},"end":{"line":5,"column":73}},"4":{"start":{"line":7,"column":0},"end":{"line":7,"column":57}},"5":{"start":{"line":8,"column":0},"end":{"line":8,"column":34}},"6":{"start":{"line":13,"column":16},"end":{"line":13,"column":40}},"7":{"start":{"line":14,"column":16},"end":{"line":14,"column":40}},"8":{"start":{"line":15,"column":16},"end":{"line":15,"column":44}},"9":{"start":{"line":16,"column":16},"end":{"line":16,"column":42}},"10":{"start":{"line":19,"column":11},"end":{"line":58,"column":null}},"11":{"start":{"line":22,"column":29},"end":{"line":58,"column":null}},"12":{"start":{"line":24,"column":8},"end":{"line":57,"column":null}},"13":{"start":{"line":25,"column":37},"end":{"line":25,"column":52}},"14":{"start":{"line":27,"column":12},"end":{"line":29,"column":null}},"15":{"start":{"line":28,"column":16},"end":{"line":28,"column":68}},"16":{"start":{"line":31,"column":12},"end":{"line":33,"column":null}},"17":{"start":{"line":32,"column":16},"end":{"line":32,"column":63}},"18":{"start":{"line":35,"column":12},"end":{"line":37,"column":null}},"19":{"start":{"line":36,"column":16},"end":{"line":36,"column":66}},"20":{"start":{"line":39,"column":31},"end":{"line":39,"column":58}},"21":{"start":{"line":40,"column":41},"end":{"line":40,"column":83}},"22":{"start":{"line":42,"column":12},"end":{"line":48,"column":null}},"23":{"start":{"line":49,"column":34},"end":{"line":51,"column":14}},"24":{"start":{"line":53,"column":12},"end":{"line":53,"column":null}},"25":{"start":{"line":56,"column":12},"end":{"line":56,"column":64}},"26":{"start":{"line":60,"column":11},"end":{"line":98,"column":null}},"27":{"start":{"line":63,"column":29},"end":{"line":98,"column":null}},"28":{"start":{"line":65,"column":8},"end":{"line":97,"column":null}},"29":{"start":{"line":66,"column":37},"end":{"line":66,"column":58}},"30":{"start":{"line":68,"column":12},"end":{"line":70,"column":null}},"31":{"start":{"line":69,"column":16},"end":{"line":69,"column":68}},"32":{"start":{"line":72,"column":31},"end":{"line":72,"column":85}},"33":{"start":{"line":74,"column":12},"end":{"line":76,"column":null}},"34":{"start":{"line":75,"column":16},"end":{"line":75,"column":59}},"35":{"start":{"line":78,"column":42},"end":{"line":78,"column":60}},"36":{"start":{"line":80,"column":41},"end":{"line":82,"column":null}},"37":{"start":{"line":85,"column":12},"end":{"line":87,"column":null}},"38":{"start":{"line":86,"column":16},"end":{"line":86,"column":71}},"39":{"start":{"line":89,"column":34},"end":{"line":91,"column":14}},"40":{"start":{"line":93,"column":12},"end":{"line":93,"column":null}},"41":{"start":{"line":96,"column":12},"end":{"line":96,"column":64}},"42":{"start":{"line":10,"column":0},"end":{"line":10,"column":13}},"43":{"start":{"line":101,"column":0},"end":{"line":101,"column":null}}},"fnMap":{"0":{"name":"(anonymous_8)","decl":{"start":{"line":12,"column":4},"end":{"line":12,"column":null}},"loc":{"start":{"line":16,"column":42},"end":{"line":17,"column":8}}},"1":{"name":"(anonymous_9)","decl":{"start":{"line":19,"column":20},"end":{"line":19,"column":null}},"loc":{"start":{"line":22,"column":29},"end":{"line":58,"column":null}}},"2":{"name":"(anonymous_10)","decl":{"start":{"line":22,"column":29},"end":{"line":22,"column":null}},"loc":{"start":{"line":22,"column":29},"end":{"line":58,"column":5}}},"3":{"name":"(anonymous_11)","decl":{"start":{"line":60,"column":19},"end":{"line":60,"column":null}},"loc":{"start":{"line":63,"column":29},"end":{"line":98,"column":null}}},"4":{"name":"(anonymous_12)","decl":{"start":{"line":63,"column":29},"end":{"line":63,"column":null}},"loc":{"start":{"line":63,"column":29},"end":{"line":98,"column":5}}}},"branchMap":{"0":{"loc":{"start":{"line":27,"column":12},"end":{"line":29,"column":null}},"type":"if","locations":[{"start":{"line":27,"column":12},"end":{"line":29,"column":null}},{"start":{"line":27,"column":12},"end":{"line":29,"column":null}}]},"1":{"loc":{"start":{"line":31,"column":12},"end":{"line":33,"column":null}},"type":"if","locations":[{"start":{"line":31,"column":12},"end":{"line":33,"column":null}},{"start":{"line":31,"column":12},"end":{"line":33,"column":null}}]},"2":{"loc":{"start":{"line":35,"column":12},"end":{"line":37,"column":null}},"type":"if","locations":[{"start":{"line":35,"column":12},"end":{"line":37,"column":null}},{"start":{"line":35,"column":12},"end":{"line":37,"column":null}}]},"3":{"loc":{"start":{"line":68,"column":12},"end":{"line":70,"column":null}},"type":"if","locations":[{"start":{"line":68,"column":12},"end":{"line":70,"column":null}},{"start":{"line":68,"column":12},"end":{"line":70,"column":null}}]},"4":{"loc":{"start":{"line":74,"column":12},"end":{"line":76,"column":null}},"type":"if","locations":[{"start":{"line":74,"column":12},"end":{"line":76,"column":null}},{"start":{"line":74,"column":12},"end":{"line":76,"column":null}}]},"5":{"loc":{"start":{"line":85,"column":12},"end":{"line":87,"column":null}},"type":"if","locations":[{"start":{"line":85,"column":12},"end":{"line":87,"column":null}},{"start":{"line":85,"column":12},"end":{"line":87,"column":null}}]}},"s":{"0":1,"1":1,"2":1,"3":1,"4":1,"5":1,"6":13,"7":13,"8":13,"9":13,"10":13,"11":7,"12":7,"13":7,"14":7,"15":4,"16":3,"17":1,"18":2,"19":1,"20":1,"21":1,"22":1,"23":1,"24":1,"25":6,"26":13,"27":5,"28":5,"29":5,"30":5,"31":2,"32":3,"33":3,"34":1,"35":2,"36":2,"37":2,"38":1,"39":1,"40":1,"41":4,"42":1,"43":1},"f":{"0":13,"1":7,"2":7,"3":5,"4":5},"b":{"0":[4,3],"1":[1,2],"2":[1,1],"3":[2,3],"4":[1,2],"5":[1,1]}}
,"C:\\Users\\ctrev\\Desktop\\Full-Stack1\\backend\\src\\data\\BaseDatabase.ts": {"path":"C:\\Users\\ctrev\\Desktop\\Full-Stack1\\backend\\src\\data\\BaseDatabase.ts","statementMap":{"0":{"start":{"line":1,"column":0},"end":{"line":1,"column":28}},"1":{"start":{"line":2,"column":0},"end":{"line":2,"column":24}},"2":{"start":{"line":5,"column":0},"end":{"line":5,"column":16}},"3":{"start":{"line":11,"column":4},"end":{"line":22,"column":null}},"4":{"start":{"line":12,"column":6},"end":{"line":21,"column":9}},"5":{"start":{"line":24,"column":4},"end":{"line":24,"column":35}},"6":{"start":{"line":28,"column":4},"end":{"line":31,"column":null}},"7":{"start":{"line":29,"column":6},"end":{"line":29,"column":46}},"8":{"start":{"line":30,"column":6},"end":{"line":30,"column":37}},"9":{"start":{"line":7,"column":0},"end":{"line":7,"column":22}},"10":{"start":{"line":8,"column":17},"end":{"line":8,"column":48}}},"fnMap":{"0":{"name":"(anonymous_8)","decl":{"start":{"line":10,"column":12},"end":{"line":10,"column":25}},"loc":{"start":{"line":10,"column":25},"end":{"line":25,"column":3}}},"1":{"name":"(anonymous_9)","decl":{"start":{"line":27,"column":9},"end":{"line":27,"column":15}},"loc":{"start":{"line":27,"column":39},"end":{"line":32,"column":null}}}},"branchMap":{"0":{"loc":{"start":{"line":11,"column":4},"end":{"line":22,"column":null}},"type":"if","locations":[{"start":{"line":11,"column":4},"end":{"line":22,"column":null}},{"start":{"line":11,"column":4},"end":{"line":22,"column":null}}]},"1":{"loc":{"start":{"line":28,"column":4},"end":{"line":31,"column":null}},"type":"if","locations":[{"start":{"line":28,"column":4},"end":{"line":31,"column":null}},{"start":{"line":28,"column":4},"end":{"line":31,"column":null}}]}},"s":{"0":2,"1":2,"2":2,"3":0,"4":0,"5":0,"6":0,"7":0,"8":0,"9":2,"10":2},"f":{"0":0,"1":0},"b":{"0":[0,0],"1":[0,0]}}
,"C:\\Users\\ctrev\\Desktop\\Full-Stack1\\backend\\src\\data\\ImageDataBase.ts": {"path":"C:\\Users\\ctrev\\Desktop\\Full-Stack1\\backend\\src\\data\\ImageDataBase.ts","statementMap":{"0":{"start":{"line":1,"column":0},"end":{"line":1,"column":57}},"1":{"start":{"line":2,"column":0},"end":{"line":2,"column":46}},"2":{"start":{"line":3,"column":0},"end":{"line":3,"column":38}},"3":{"start":{"line":6,"column":9},"end":{"line":40,"column":4}},"4":{"start":{"line":6,"column":72},"end":{"line":40,"column":4}},"5":{"start":{"line":7,"column":4},"end":{"line":39,"column":null}},"6":{"start":{"line":8,"column":6},"end":{"line":18,"column":9}},"7":{"start":{"line":20,"column":6},"end":{"line":27,"column":null}},"8":{"start":{"line":29,"column":6},"end":{"line":35,"column":null}},"9":{"start":{"line":38,"column":6},"end":{"line":38,"column":57}},"10":{"start":{"line":42,"column":9},"end":{"line":112,"column":null}},"11":{"start":{"line":45,"column":22},"end":{"line":112,"column":null}},"12":{"start":{"line":46,"column":4},"end":{"line":111,"column":null}},"13":{"start":{"line":47,"column":39},"end":{"line":47,"column":41}},"14":{"start":{"line":50,"column":23},"end":{"line":68,"column":8}},"15":{"start":{"line":70,"column":6},"end":{"line":72,"column":null}},"16":{"start":{"line":71,"column":8},"end":{"line":71,"column":null}},"17":{"start":{"line":75,"column":4},"end":{"line":83,"column":null}},"18":{"start":{"line":76,"column":20},"end":{"line":78,"column":8}},"19":{"start":{"line":77,"column":8},"end":{"line":77,"column":null}},"20":{"start":{"line":79,"column":6},"end":{"line":79,"column":null}},"21":{"start":{"line":82,"column":6},"end":{"line":82,"column":null}},"22":{"start":{"line":110,"column":6},"end":{"line":110,"column":57}},"23":{"start":{"line":5,"column":0},"end":{"line":5,"column":13}},"24":{"start":{"line":115,"column":0},"end":{"line":115,"column":35}}},"fnMap":{"0":{"name":"(anonymous_8)","decl":{"start":{"line":5,"column":0},"end":{"line":5,"column":13}},"loc":{"start":{"line":5,"column":0},"end":{"line":113,"column":1}}},"1":{"name":"(anonymous_9)","decl":{"start":{"line":6,"column":23},"end":{"line":6,"column":30}},"loc":{"start":{"line":6,"column":72},"end":{"line":40,"column":4}}},"2":{"name":"(anonymous_10)","decl":{"start":{"line":6,"column":72},"end":{"line":6,"column":null}},"loc":{"start":{"line":6,"column":72},"end":{"line":40,"column":3}}},"3":{"name":"(anonymous_11)","decl":{"start":{"line":42,"column":21},"end":{"line":42,"column":null}},"loc":{"start":{"line":45,"column":22},"end":{"line":112,"column":null}}},"4":{"name":"(anonymous_12)","decl":{"start":{"line":45,"column":22},"end":{"line":45,"column":null}},"loc":{"start":{"line":45,"column":22},"end":{"line":112,"column":3}}},"5":{"name":"(anonymous_13)","decl":{"start":{"line":76,"column":37},"end":{"line":76,"column":38}},"loc":{"start":{"line":76,"column":46},"end":{"line":78,"column":7}}}},"branchMap":{"0":{"loc":{"start":{"line":38,"column":22},"end":{"line":38,"column":38}},"type":"binary-expr","locations":[{"start":{"line":38,"column":22},"end":{"line":38,"column":38}},{"start":{"line":38,"column":42},"end":{"line":38,"column":55}}]},"1":{"loc":{"start":{"line":75,"column":4},"end":{"line":83,"column":null}},"type":"if","locations":[{"start":{"line":75,"column":4},"end":{"line":83,"column":null}},{"start":{"line":75,"column":4},"end":{"line":83,"column":null}}]},"2":{"loc":{"start":{"line":110,"column":22},"end":{"line":110,"column":38}},"type":"binary-expr","locations":[{"start":{"line":110,"column":22},"end":{"line":110,"column":38}},{"start":{"line":110,"column":42},"end":{"line":110,"column":55}}]}},"s":{"0":1,"1":1,"2":1,"3":1,"4":0,"5":0,"6":0,"7":0,"8":0,"9":0,"10":1,"11":0,"12":0,"13":0,"14":0,"15":0,"16":0,"17":0,"18":0,"19":0,"20":0,"21":0,"22":0,"23":1,"24":1},"f":{"0":1,"1":0,"2":0,"3":0,"4":0,"5":0},"b":{"0":[0,0],"1":[0,0],"2":[0,0]}}
,"C:\\Users\\ctrev\\Desktop\\Full-Stack1\\backend\\src\\data\\Migrations.ts": {"path":"C:\\Users\\ctrev\\Desktop\\Full-Stack1\\backend\\src\\data\\Migrations.ts","statementMap":{"0":{"start":{"line":1,"column":0},"end":{"line":1,"column":46}},"1":{"start":{"line":9,"column":9},"end":{"line":9,"column":57}},"2":{"start":{"line":9,"column":37},"end":{"line":9,"column":56}},"3":{"start":{"line":10,"column":9},"end":{"line":10,"column":61}},"4":{"start":{"line":10,"column":39},"end":{"line":10,"column":60}},"5":{"start":{"line":11,"column":9},"end":{"line":11,"column":59}},"6":{"start":{"line":11,"column":38},"end":{"line":11,"column":58}},"7":{"start":{"line":12,"column":9},"end":{"line":12,"column":null}},"8":{"start":{"line":12,"column":44},"end":{"line":12,"column":70}},"9":{"start":{"line":14,"column":9},"end":{"line":56,"column":4}},"10":{"start":{"line":14,"column":50},"end":{"line":56,"column":4}},"11":{"start":{"line":15,"column":4},"end":{"line":55,"column":null}},"12":{"start":{"line":16,"column":6},"end":{"line":23,"column":10}},"13":{"start":{"line":25,"column":6},"end":{"line":34,"column":10}},"14":{"start":{"line":36,"column":6},"end":{"line":42,"column":10}},"15":{"start":{"line":44,"column":6},"end":{"line":51,"column":10}},"16":{"start":{"line":54,"column":6},"end":{"line":54,"column":25}},"17":{"start":{"line":4,"column":17},"end":{"line":4,"column":54}},"18":{"start":{"line":5,"column":17},"end":{"line":5,"column":56}},"19":{"start":{"line":6,"column":17},"end":{"line":6,"column":52}},"20":{"start":{"line":7,"column":17},"end":{"line":7,"column":null}},"21":{"start":{"line":59,"column":0},"end":{"line":59,"column":32}}},"fnMap":{"0":{"name":"(anonymous_7)","decl":{"start":{"line":3,"column":0},"end":{"line":3,"column":6}},"loc":{"start":{"line":3,"column":0},"end":{"line":57,"column":1}}},"1":{"name":"(anonymous_8)","decl":{"start":{"line":9,"column":23},"end":{"line":9,"column":34}},"loc":{"start":{"line":9,"column":37},"end":{"line":9,"column":56}}},"2":{"name":"(anonymous_9)","decl":{"start":{"line":10,"column":25},"end":{"line":10,"column":36}},"loc":{"start":{"line":10,"column":39},"end":{"line":10,"column":60}}},"3":{"name":"(anonymous_10)","decl":{"start":{"line":11,"column":24},"end":{"line":11,"column":35}},"loc":{"start":{"line":11,"column":38},"end":{"line":11,"column":58}}},"4":{"name":"(anonymous_11)","decl":{"start":{"line":12,"column":30},"end":{"line":12,"column":41}},"loc":{"start":{"line":12,"column":44},"end":{"line":12,"column":70}}},"5":{"name":"(anonymous_12)","decl":{"start":{"line":14,"column":24},"end":{"line":14,"column":48}},"loc":{"start":{"line":14,"column":50},"end":{"line":56,"column":4}}},"6":{"name":"(anonymous_13)","decl":{"start":{"line":14,"column":50},"end":{"line":14,"column":null}},"loc":{"start":{"line":14,"column":50},"end":{"line":56,"column":3}}}},"branchMap":{},"s":{"0":2,"1":2,"2":0,"3":2,"4":0,"5":2,"6":0,"7":2,"8":0,"9":2,"10":0,"11":0,"12":0,"13":0,"14":0,"15":0,"16":0,"17":2,"18":2,"19":2,"20":2,"21":2},"f":{"0":2,"1":0,"2":0,"3":0,"4":0,"5":0,"6":0},"b":{}}
,"C:\\Users\\ctrev\\Desktop\\Full-Stack1\\backend\\src\\data\\UserDatabase.ts": {"path":"C:\\Users\\ctrev\\Desktop\\Full-Stack1\\backend\\src\\data\\UserDatabase.ts","statementMap":{"0":{"start":{"line":1,"column":0},"end":{"line":1,"column":46}},"1":{"start":{"line":2,"column":0},"end":{"line":2,"column":37}},"2":{"start":{"line":3,"column":0},"end":{"line":3,"column":38}},"3":{"start":{"line":6,"column":9},"end":{"line":22,"column":null}},"4":{"start":{"line":8,"column":21},"end":{"line":22,"column":null}},"5":{"start":{"line":9,"column":4},"end":{"line":21,"column":null}},"6":{"start":{"line":10,"column":6},"end":{"line":18,"column":41}},"7":{"start":{"line":20,"column":6},"end":{"line":20,"column":57}},"8":{"start":{"line":24,"column":9},"end":{"line":37,"column":null}},"9":{"start":{"line":24,"column":63},"end":{"line":37,"column":null}},"10":{"start":{"line":25,"column":4},"end":{"line":36,"column":null}},"11":{"start":{"line":26,"column":21},"end":{"line":30,"column":6}},"12":{"start":{"line":32,"column":4},"end":{"line":32,"column":42}},"13":{"start":{"line":35,"column":6},"end":{"line":35,"column":57}},"14":{"start":{"line":5,"column":0},"end":{"line":5,"column":13}},"15":{"start":{"line":40,"column":0},"end":{"line":40,"column":null}}},"fnMap":{"0":{"name":"(anonymous_8)","decl":{"start":{"line":5,"column":0},"end":{"line":5,"column":13}},"loc":{"start":{"line":5,"column":0},"end":{"line":38,"column":1}}},"1":{"name":"(anonymous_9)","decl":{"start":{"line":6,"column":18},"end":{"line":6,"column":null}},"loc":{"start":{"line":8,"column":21},"end":{"line":22,"column":null}}},"2":{"name":"(anonymous_10)","decl":{"start":{"line":8,"column":21},"end":{"line":8,"column":null}},"loc":{"start":{"line":8,"column":21},"end":{"line":22,"column":3}}},"3":{"name":"(anonymous_11)","decl":{"start":{"line":24,"column":25},"end":{"line":24,"column":32}},"loc":{"start":{"line":24,"column":63},"end":{"line":37,"column":null}}},"4":{"name":"(anonymous_12)","decl":{"start":{"line":24,"column":63},"end":{"line":24,"column":null}},"loc":{"start":{"line":24,"column":63},"end":{"line":37,"column":3}}}},"branchMap":{"0":{"loc":{"start":{"line":20,"column":22},"end":{"line":20,"column":38}},"type":"binary-expr","locations":[{"start":{"line":20,"column":22},"end":{"line":20,"column":38}},{"start":{"line":20,"column":42},"end":{"line":20,"column":55}}]},"1":{"loc":{"start":{"line":35,"column":22},"end":{"line":35,"column":38}},"type":"binary-expr","locations":[{"start":{"line":35,"column":22},"end":{"line":35,"column":38}},{"start":{"line":35,"column":42},"end":{"line":35,"column":55}}]}},"s":{"0":1,"1":1,"2":1,"3":1,"4":0,"5":0,"6":0,"7":0,"8":1,"9":0,"10":0,"11":0,"12":0,"13":0,"14":1,"15":1},"f":{"0":1,"1":0,"2":0,"3":0,"4":0},"b":{"0":[0,0],"1":[0,0]}}
,"C:\\Users\\ctrev\\Desktop\\Full-Stack1\\backend\\src\\error\\BaseError.ts": {"path":"C:\\Users\\ctrev\\Desktop\\Full-Stack1\\backend\\src\\error\\BaseError.ts","statementMap":{"0":{"start":{"line":3,"column":6},"end":{"line":3,"column":21}},"1":{"start":{"line":2,"column":40},"end":{"line":2,"column":52}},"2":{"start":{"line":1,"column":0},"end":{"line":1,"column":22}}},"fnMap":{"0":{"name":"(anonymous_0)","decl":{"start":{"line":2,"column":4},"end":{"line":2,"column":16}},"loc":{"start":{"line":2,"column":52},"end":{"line":4,"column":5}}}},"branchMap":{},"s":{"0":32,"1":32,"2":2},"f":{"0":32},"b":{}}
,"C:\\Users\\ctrev\\Desktop\\Full-Stack1\\backend\\src\\error\\ParameterError.ts": {"path":"C:\\Users\\ctrev\\Desktop\\Full-Stack1\\backend\\src\\error\\ParameterError.ts","statementMap":{"0":{"start":{"line":1,"column":0},"end":{"line":1,"column":40}},"1":{"start":{"line":5,"column":8},"end":{"line":5,"column":null}},"2":{"start":{"line":3,"column":0},"end":{"line":3,"column":13}}},"fnMap":{"0":{"name":"(anonymous_0)","decl":{"start":{"line":4,"column":4},"end":{"line":4,"column":16}},"loc":{"start":{"line":4,"column":45},"end":{"line":6,"column":5}}}},"branchMap":{},"s":{"0":2,"1":32,"2":2},"f":{"0":32},"b":{}}
,"C:\\Users\\ctrev\\Desktop\\Full-Stack1\\backend\\src\\model\\Image.ts": {"path":"C:\\Users\\ctrev\\Desktop\\Full-Stack1\\backend\\src\\model\\Image.ts","statementMap":{"0":{"start":{"line":20,"column":16},"end":{"line":20,"column":26}},"1":{"start":{"line":21,"column":16},"end":{"line":21,"column":32}},"2":{"start":{"line":22,"column":16},"end":{"line":22,"column":30}},"3":{"start":{"line":23,"column":16},"end":{"line":23,"column":28}},"4":{"start":{"line":24,"column":16},"end":{"line":24,"column":29}},"5":{"start":{"line":25,"column":16},"end":{"line":25,"column":34}},"6":{"start":{"line":26,"column":16},"end":{"line":26,"column":26}},"7":{"start":{"line":41,"column":11},"end":{"line":41,"column":null}},"8":{"start":{"line":41,"column":33},"end":{"line":41,"column":40}},"9":{"start":{"line":42,"column":11},"end":{"line":42,"column":null}},"10":{"start":{"line":42,"column":39},"end":{"line":42,"column":52}},"11":{"start":{"line":43,"column":11},"end":{"line":43,"column":null}},"12":{"start":{"line":43,"column":37},"end":{"line":43,"column":48}},"13":{"start":{"line":44,"column":11},"end":{"line":44,"column":null}},"14":{"start":{"line":44,"column":33},"end":{"line":44,"column":42}},"15":{"start":{"line":45,"column":11},"end":{"line":45,"column":null}},"16":{"start":{"line":45,"column":35},"end":{"line":45,"column":44}},"17":{"start":{"line":46,"column":11},"end":{"line":46,"column":null}},"18":{"start":{"line":46,"column":36},"end":{"line":46,"column":44}},"19":{"start":{"line":47,"column":11},"end":{"line":47,"column":null}},"20":{"start":{"line":47,"column":41},"end":{"line":47,"column":56}},"21":{"start":{"line":30,"column":8},"end":{"line":38,"column":10}},"22":{"start":{"line":17,"column":0},"end":{"line":17,"column":13}},"23":{"start":{"line":53,"column":16},"end":{"line":53,"column":26}},"24":{"start":{"line":54,"column":16},"end":{"line":54,"column":32}},"25":{"start":{"line":55,"column":16},"end":{"line":55,"column":30}},"26":{"start":{"line":56,"column":16},"end":{"line":56,"column":28}},"27":{"start":{"line":57,"column":16},"end":{"line":57,"column":34}},"28":{"start":{"line":58,"column":16},"end":{"line":58,"column":39}},"29":{"start":{"line":72,"column":11},"end":{"line":72,"column":null}},"30":{"start":{"line":72,"column":33},"end":{"line":72,"column":40}},"31":{"start":{"line":73,"column":11},"end":{"line":73,"column":null}},"32":{"start":{"line":73,"column":39},"end":{"line":73,"column":52}},"33":{"start":{"line":74,"column":11},"end":{"line":74,"column":null}},"34":{"start":{"line":74,"column":37},"end":{"line":74,"column":48}},"35":{"start":{"line":75,"column":11},"end":{"line":75,"column":null}},"36":{"start":{"line":75,"column":45},"end":{"line":75,"column":54}},"37":{"start":{"line":76,"column":11},"end":{"line":76,"column":null}},"38":{"start":{"line":76,"column":35},"end":{"line":76,"column":44}},"39":{"start":{"line":77,"column":11},"end":{"line":77,"column":null}},"40":{"start":{"line":77,"column":41},"end":{"line":77,"column":56}},"41":{"start":{"line":62,"column":8},"end":{"line":69,"column":10}},"42":{"start":{"line":50,"column":0},"end":{"line":50,"column":13}}},"fnMap":{"0":{"name":"(anonymous_0)","decl":{"start":{"line":19,"column":4},"end":{"line":19,"column":null}},"loc":{"start":{"line":26,"column":26},"end":{"line":27,"column":8}}},"1":{"name":"(anonymous_1)","decl":{"start":{"line":41,"column":19},"end":{"line":41,"column":30}},"loc":{"start":{"line":41,"column":33},"end":{"line":41,"column":40}}},"2":{"name":"(anonymous_2)","decl":{"start":{"line":42,"column":25},"end":{"line":42,"column":36}},"loc":{"start":{"line":42,"column":39},"end":{"line":42,"column":52}}},"3":{"name":"(anonymous_3)","decl":{"start":{"line":43,"column":23},"end":{"line":43,"column":34}},"loc":{"start":{"line":43,"column":37},"end":{"line":43,"column":48}}},"4":{"name":"(anonymous_4)","decl":{"start":{"line":44,"column":21},"end":{"line":44,"column":30}},"loc":{"start":{"line":44,"column":33},"end":{"line":44,"column":42}}},"5":{"name":"(anonymous_5)","decl":{"start":{"line":45,"column":21},"end":{"line":45,"column":32}},"loc":{"start":{"line":45,"column":35},"end":{"line":45,"column":44}}},"6":{"name":"(anonymous_6)","decl":{"start":{"line":46,"column":20},"end":{"line":46,"column":33}},"loc":{"start":{"line":46,"column":36},"end":{"line":46,"column":44}}},"7":{"name":"(anonymous_7)","decl":{"start":{"line":47,"column":27},"end":{"line":47,"column":38}},"loc":{"start":{"line":47,"column":41},"end":{"line":47,"column":56}}},"8":{"name":"(anonymous_8)","decl":{"start":{"line":29,"column":11},"end":{"line":29,"column":17}},"loc":{"start":{"line":29,"column":41},"end":{"line":39,"column":5}}},"9":{"name":"(anonymous_9)","decl":{"start":{"line":52,"column":4},"end":{"line":52,"column":null}},"loc":{"start":{"line":58,"column":39},"end":{"line":59,"column":8}}},"10":{"name":"(anonymous_10)","decl":{"start":{"line":72,"column":19},"end":{"line":72,"column":30}},"loc":{"start":{"line":72,"column":33},"end":{"line":72,"column":40}}},"11":{"name":"(anonymous_11)","decl":{"start":{"line":73,"column":25},"end":{"line":73,"column":36}},"loc":{"start":{"line":73,"column":39},"end":{"line":73,"column":52}}},"12":{"name":"(anonymous_12)","decl":{"start":{"line":74,"column":23},"end":{"line":74,"column":34}},"loc":{"start":{"line":74,"column":37},"end":{"line":74,"column":48}}},"13":{"name":"(anonymous_13)","decl":{"start":{"line":75,"column":21},"end":{"line":75,"column":42}},"loc":{"start":{"line":75,"column":45},"end":{"line":75,"column":54}}},"14":{"name":"(anonymous_14)","decl":{"start":{"line":76,"column":21},"end":{"line":76,"column":32}},"loc":{"start":{"line":76,"column":35},"end":{"line":76,"column":44}}},"15":{"name":"(anonymous_15)","decl":{"start":{"line":77,"column":27},"end":{"line":77,"column":38}},"loc":{"start":{"line":77,"column":41},"end":{"line":77,"column":56}}},"16":{"name":"(anonymous_16)","decl":{"start":{"line":61,"column":11},"end":{"line":61,"column":17}},"loc":{"start":{"line":61,"column":41},"end":{"line":70,"column":5}}}},"branchMap":{},"s":{"0":1,"1":1,"2":1,"3":1,"4":1,"5":1,"6":1,"7":1,"8":0,"9":1,"10":0,"11":1,"12":0,"13":1,"14":0,"15":1,"16":0,"17":1,"18":0,"19":1,"20":0,"21":0,"22":2,"23":2,"24":2,"25":2,"26":2,"27":2,"28":2,"29":2,"30":0,"31":2,"32":0,"33":2,"34":0,"35":2,"36":0,"37":2,"38":0,"39":2,"40":0,"41":0,"42":2},"f":{"0":1,"1":0,"2":0,"3":0,"4":0,"5":0,"6":0,"7":0,"8":0,"9":2,"10":0,"11":0,"12":0,"13":0,"14":0,"15":0,"16":0},"b":{}}
,"C:\\Users\\ctrev\\Desktop\\Full-Stack1\\backend\\src\\model\\User.ts": {"path":"C:\\Users\\ctrev\\Desktop\\Full-Stack1\\backend\\src\\model\\User.ts","statementMap":{"0":{"start":{"line":4,"column":12},"end":{"line":4,"column":22}},"1":{"start":{"line":5,"column":12},"end":{"line":5,"column":24}},"2":{"start":{"line":6,"column":12},"end":{"line":6,"column":25}},"3":{"start":{"line":7,"column":12},"end":{"line":7,"column":29}},"4":{"start":{"line":8,"column":12},"end":{"line":8,"column":28}},"5":{"start":{"line":21,"column":9},"end":{"line":21,"column":39}},"6":{"start":{"line":21,"column":31},"end":{"line":21,"column":38}},"7":{"start":{"line":22,"column":9},"end":{"line":22,"column":43}},"8":{"start":{"line":22,"column":33},"end":{"line":22,"column":42}},"9":{"start":{"line":23,"column":9},"end":{"line":23,"column":45}},"10":{"start":{"line":23,"column":34},"end":{"line":23,"column":44}},"11":{"start":{"line":24,"column":9},"end":{"line":24,"column":52}},"12":{"start":{"line":24,"column":37},"end":{"line":24,"column":51}},"13":{"start":{"line":25,"column":9},"end":{"line":25,"column":51}},"14":{"start":{"line":25,"column":37},"end":{"line":25,"column":50}},"15":{"start":{"line":12,"column":4},"end":{"line":18,"column":6}},"16":{"start":{"line":2,"column":0},"end":{"line":2,"column":13}}},"fnMap":{"0":{"name":"(anonymous_0)","decl":{"start":{"line":3,"column":2},"end":{"line":3,"column":null}},"loc":{"start":{"line":8,"column":28},"end":{"line":9,"column":6}}},"1":{"name":"(anonymous_1)","decl":{"start":{"line":21,"column":17},"end":{"line":21,"column":28}},"loc":{"start":{"line":21,"column":31},"end":{"line":21,"column":38}}},"2":{"name":"(anonymous_2)","decl":{"start":{"line":22,"column":19},"end":{"line":22,"column":30}},"loc":{"start":{"line":22,"column":33},"end":{"line":22,"column":42}}},"3":{"name":"(anonymous_3)","decl":{"start":{"line":23,"column":20},"end":{"line":23,"column":31}},"loc":{"start":{"line":23,"column":34},"end":{"line":23,"column":44}}},"4":{"name":"(anonymous_4)","decl":{"start":{"line":24,"column":23},"end":{"line":24,"column":34}},"loc":{"start":{"line":24,"column":37},"end":{"line":24,"column":51}}},"5":{"name":"(anonymous_5)","decl":{"start":{"line":25,"column":23},"end":{"line":25,"column":34}},"loc":{"start":{"line":25,"column":37},"end":{"line":25,"column":50}}},"6":{"name":"(anonymous_6)","decl":{"start":{"line":11,"column":2},"end":{"line":11,"column":8}},"loc":{"start":{"line":11,"column":30},"end":{"line":19,"column":3}}}},"branchMap":{},"s":{"0":3,"1":3,"2":3,"3":3,"4":3,"5":3,"6":1,"7":3,"8":0,"9":3,"10":0,"11":3,"12":0,"13":3,"14":2,"15":0,"16":2},"f":{"0":3,"1":1,"2":0,"3":0,"4":0,"5":2,"6":0},"b":{}}
,"C:\\Users\\ctrev\\Desktop\\Full-Stack1\\backend\\src\\services\\Authenticator.ts": {"path":"C:\\Users\\ctrev\\Desktop\\Full-Stack1\\backend\\src\\services\\Authenticator.ts","statementMap":{"0":{"start":{"line":1,"column":0},"end":{"line":1,"column":36}},"1":{"start":{"line":5,"column":9},"end":{"line":18,"column":null}},"2":{"start":{"line":8,"column":18},"end":{"line":15,"column":null}},"3":{"start":{"line":17,"column":4},"end":{"line":17,"column":17}},"4":{"start":{"line":20,"column":9},"end":{"line":26,"column":null}},"5":{"start":{"line":21,"column":20},"end":{"line":21,"column":75}},"6":{"start":{"line":22,"column":19},"end":{"line":24,"column":6}},"7":{"start":{"line":25,"column":4},"end":{"line":25,"column":18}},"8":{"start":{"line":3,"column":0},"end":{"line":3,"column":13}},"9":{"start":{"line":29,"column":0},"end":{"line":29,"column":null}}},"fnMap":{"0":{"name":"(anonymous_6)","decl":{"start":{"line":3,"column":0},"end":{"line":3,"column":13}},"loc":{"start":{"line":3,"column":0},"end":{"line":27,"column":1}}},"1":{"name":"(anonymous_7)","decl":{"start":{"line":5,"column":25},"end":{"line":5,"column":26}},"loc":{"start":{"line":6,"column":73},"end":{"line":18,"column":3}}},"2":{"name":"(anonymous_8)","decl":{"start":{"line":20,"column":19},"end":{"line":20,"column":20}},"loc":{"start":{"line":20,"column":57},"end":{"line":26,"column":3}}}},"branchMap":{"0":{"loc":{"start":{"line":6,"column":24},"end":{"line":6,"column":60}},"type":"default-arg","locations":[{"start":{"line":6,"column":24},"end":{"line":6,"column":60}}]}},"s":{"0":2,"1":2,"2":0,"3":0,"4":2,"5":0,"6":0,"7":0,"8":2,"9":2},"f":{"0":2,"1":0,"2":0},"b":{"0":[0]}}
,"C:\\Users\\ctrev\\Desktop\\Full-Stack1\\backend\\src\\services\\HashManager.ts": {"path":"C:\\Users\\ctrev\\Desktop\\Full-Stack1\\backend\\src\\services\\HashManager.ts","statementMap":{"0":{"start":{"line":1,"column":0},"end":{"line":1,"column":35}},"1":{"start":{"line":7,"column":23},"end":{"line":7,"column":25}},"2":{"start":{"line":8,"column":21},"end":{"line":8,"column":49}},"3":{"start":{"line":9,"column":23},"end":{"line":9,"column":52}},"4":{"start":{"line":10,"column":8},"end":{"line":10,"column":22}},"5":{"start":{"line":14,"column":8},"end":{"line":14,"column":48}},"6":{"start":{"line":4,"column":0},"end":{"line":4,"column":13}},"7":{"start":{"line":18,"column":0},"end":{"line":18,"column":null}}},"fnMap":{"0":{"name":"(anonymous_13)","decl":{"start":{"line":6,"column":17},"end":{"line":6,"column":21}},"loc":{"start":{"line":6,"column":34},"end":{"line":11,"column":null}}},"1":{"name":"(anonymous_15)","decl":{"start":{"line":13,"column":17},"end":{"line":13,"column":24}},"loc":{"start":{"line":13,"column":51},"end":{"line":15,"column":null}}}},"branchMap":{},"s":{"0":1,"1":0,"2":0,"3":0,"4":0,"5":0,"6":1,"7":1},"f":{"0":0,"1":0},"b":{}}
,"C:\\Users\\ctrev\\Desktop\\Full-Stack1\\backend\\src\\services\\IdGenerator.ts": {"path":"C:\\Users\\ctrev\\Desktop\\Full-Stack1\\backend\\src\\services\\IdGenerator.ts","statementMap":{"0":{"start":{"line":1,"column":0},"end":{"line":1,"column":26}},"1":{"start":{"line":6,"column":8},"end":{"line":6,"column":20}},"2":{"start":{"line":3,"column":0},"end":{"line":3,"column":13}},"3":{"start":{"line":10,"column":0},"end":{"line":10,"column":null}}},"fnMap":{"0":{"name":"(anonymous_0)","decl":{"start":{"line":5,"column":4},"end":{"line":5,"column":12}},"loc":{"start":{"line":5,"column":12},"end":{"line":7,"column":5}}}},"branchMap":{},"s":{"0":2,"1":0,"2":2,"3":2},"f":{"0":0},"b":{}}
,"C:\\Users\\ctrev\\Desktop\\Full-Stack1\\backend\\tests\\globals.ts": {"path":"C:\\Users\\ctrev\\Desktop\\Full-Stack1\\backend\\tests\\globals.ts","statementMap":{"0":{"start":{"line":2,"column":0},"end":{"line":2,"column":55}},"1":{"start":{"line":3,"column":0},"end":{"line":3,"column":40}},"2":{"start":{"line":5,"column":13},"end":{"line":7,"column":null}},"3":{"start":{"line":6,"column":4},"end":{"line":6,"column":null}},"4":{"start":{"line":9,"column":13},"end":{"line":11,"column":null}},"5":{"start":{"line":10,"column":4},"end":{"line":10,"column":null}},"6":{"start":{"line":13,"column":13},"end":{"line":17,"column":null}},"7":{"start":{"line":14,"column":4},"end":{"line":16,"column":null}},"8":{"start":{"line":19,"column":13},"end":{"line":21,"column":null}},"9":{"start":{"line":20,"column":4},"end":{"line":20,"column":null}},"10":{"start":{"line":23,"column":13},"end":{"line":31,"column":null}},"11":{"start":{"line":24,"column":4},"end":{"line":30,"column":null}},"12":{"start":{"line":33,"column":13},"end":{"line":35,"column":null}},"13":{"start":{"line":34,"column":4},"end":{"line":34,"column":null}},"14":{"start":{"line":37,"column":13},"end":{"line":47,"column":null}},"15":{"start":{"line":38,"column":4},"end":{"line":46,"column":null}},"16":{"start":{"line":50,"column":13},"end":{"line":52,"column":null}},"17":{"start":{"line":51,"column":4},"end":{"line":51,"column":null}},"18":{"start":{"line":54,"column":13},"end":{"line":56,"column":null}},"19":{"start":{"line":55,"column":4},"end":{"line":55,"column":null}}},"fnMap":{"0":{"name":"(anonymous_0)","decl":{"start":{"line":5,"column":42},"end":{"line":5,"column":43}},"loc":{"start":{"line":5,"column":62},"end":{"line":7,"column":1}}},"1":{"name":"(anonymous_1)","decl":{"start":{"line":9,"column":41},"end":{"line":9,"column":42}},"loc":{"start":{"line":9,"column":61},"end":{"line":11,"column":1}}},"2":{"name":"(anonymous_2)","decl":{"start":{"line":13,"column":37},"end":{"line":13,"column":38}},"loc":{"start":{"line":13,"column":57},"end":{"line":17,"column":1}}},"3":{"name":"(anonymous_3)","decl":{"start":{"line":19,"column":50},"end":{"line":19,"column":51}},"loc":{"start":{"line":19,"column":69},"end":{"line":21,"column":1}}},"4":{"name":"(anonymous_4)","decl":{"start":{"line":23,"column":41},"end":{"line":23,"column":42}},"loc":{"start":{"line":23,"column":60},"end":{"line":31,"column":1}}},"5":{"name":"(anonymous_5)","decl":{"start":{"line":33,"column":46},"end":{"line":33,"column":47}},"loc":{"start":{"line":33,"column":69},"end":{"line":35,"column":1}}},"6":{"name":"(anonymous_6)","decl":{"start":{"line":37,"column":37},"end":{"line":37,"column":38}},"loc":{"start":{"line":37,"column":60},"end":{"line":47,"column":1}}},"7":{"name":"(anonymous_7)","decl":{"start":{"line":50,"column":35},"end":{"line":50,"column":36}},"loc":{"start":{"line":50,"column":77},"end":{"line":52,"column":1}}},"8":{"name":"(anonymous_8)","decl":{"start":{"line":54,"column":36},"end":{"line":54,"column":37}},"loc":{"start":{"line":54,"column":78},"end":{"line":56,"column":1}}}},"branchMap":{},"s":{"0":2,"1":2,"2":2,"3":10,"4":2,"5":7,"6":2,"7":0,"8":2,"9":1,"10":2,"11":2,"12":2,"13":1,"14":2,"15":1,"16":2,"17":1,"18":2,"19":1},"f":{"0":10,"1":7,"2":0,"3":1,"4":2,"5":1,"6":1,"7":1,"8":1},"b":{}}
}
